{"/Users/admin/Downloads/Everest/Clean-code/src/exercise-4/task-3.ts": {"path":"/Users/admin/Downloads/Everest/Clean-code/src/exercise-4/task-3.ts","statementMap":{"0":{"start":{"line":2,"column":5},"end":{"line":2,"column":null}},"1":{"start":{"line":3,"column":5},"end":{"line":3,"column":null}},"2":{"start":{"line":6,"column":6},"end":{"line":6,"column":25}},"3":{"start":{"line":7,"column":6},"end":{"line":7,"column":23}},"4":{"start":{"line":11,"column":6},"end":{"line":20,"column":7}},"5":{"start":{"line":13,"column":10},"end":{"line":13,"column":28}},"6":{"start":{"line":15,"column":10},"end":{"line":15,"column":34}},"7":{"start":{"line":17,"column":10},"end":{"line":17,"column":35}},"8":{"start":{"line":19,"column":10},"end":{"line":19,"column":46}},"9":{"start":{"line":24,"column":6},"end":{"line":24,"column":59}},"10":{"start":{"line":27,"column":27},"end":{"line":27,"column":66}},"11":{"start":{"line":28,"column":8},"end":{"line":28,"column":48}},"12":{"start":{"line":1,"column":0},"end":{"line":1,"column":13}},"13":{"start":{"line":35,"column":5},"end":{"line":35,"column":null}},"14":{"start":{"line":36,"column":5},"end":{"line":36,"column":null}},"15":{"start":{"line":39,"column":6},"end":{"line":39,"column":25}},"16":{"start":{"line":40,"column":6},"end":{"line":40,"column":23}},"17":{"start":{"line":44,"column":6},"end":{"line":53,"column":7}},"18":{"start":{"line":46,"column":10},"end":{"line":46,"column":28}},"19":{"start":{"line":48,"column":10},"end":{"line":48,"column":35}},"20":{"start":{"line":50,"column":10},"end":{"line":50,"column":38}},"21":{"start":{"line":52,"column":10},"end":{"line":52,"column":46}},"22":{"start":{"line":57,"column":6},"end":{"line":57,"column":59}},"23":{"start":{"line":61,"column":27},"end":{"line":61,"column":66}},"24":{"start":{"line":62,"column":8},"end":{"line":62,"column":51}},"25":{"start":{"line":66,"column":27},"end":{"line":66,"column":88}},"26":{"start":{"line":66,"column":59},"end":{"line":66,"column":84}},"27":{"start":{"line":67,"column":8},"end":{"line":67,"column":51}},"28":{"start":{"line":34,"column":2},"end":{"line":34,"column":15}},"29":{"start":{"line":74,"column":5},"end":{"line":74,"column":null}},"30":{"start":{"line":75,"column":5},"end":{"line":75,"column":null}},"31":{"start":{"line":78,"column":6},"end":{"line":78,"column":25}},"32":{"start":{"line":79,"column":6},"end":{"line":79,"column":23}},"33":{"start":{"line":83,"column":6},"end":{"line":90,"column":7}},"34":{"start":{"line":85,"column":10},"end":{"line":85,"column":28}},"35":{"start":{"line":87,"column":10},"end":{"line":87,"column":35}},"36":{"start":{"line":89,"column":10},"end":{"line":89,"column":46}},"37":{"start":{"line":94,"column":25},"end":{"line":94,"column":86}},"38":{"start":{"line":94,"column":57},"end":{"line":94,"column":82}},"39":{"start":{"line":95,"column":6},"end":{"line":95,"column":46}},"40":{"start":{"line":73,"column":2},"end":{"line":73,"column":15}}},"fnMap":{"0":{"name":"(anonymous_0)","decl":{"start":{"line":5,"column":4},"end":{"line":5,"column":16}},"loc":{"start":{"line":5,"column":43},"end":{"line":8,"column":5}}},"1":{"name":"(anonymous_1)","decl":{"start":{"line":10,"column":5},"end":{"line":10,"column":15}},"loc":{"start":{"line":10,"column":15},"end":{"line":21,"column":5}}},"2":{"name":"(anonymous_2)","decl":{"start":{"line":23,"column":4},"end":{"line":23,"column":10}},"loc":{"start":{"line":23,"column":52},"end":{"line":25,"column":5}}},"3":{"name":"(anonymous_3)","decl":{"start":{"line":26,"column":4},"end":{"line":26,"column":7}},"loc":{"start":{"line":26,"column":22},"end":{"line":29,"column":7}}},"4":{"name":"(anonymous_4)","decl":{"start":{"line":38,"column":4},"end":{"line":38,"column":16}},"loc":{"start":{"line":38,"column":43},"end":{"line":41,"column":5}}},"5":{"name":"(anonymous_5)","decl":{"start":{"line":43,"column":5},"end":{"line":43,"column":15}},"loc":{"start":{"line":43,"column":15},"end":{"line":54,"column":5}}},"6":{"name":"(anonymous_6)","decl":{"start":{"line":56,"column":4},"end":{"line":56,"column":10}},"loc":{"start":{"line":56,"column":52},"end":{"line":58,"column":5}}},"7":{"name":"(anonymous_7)","decl":{"start":{"line":60,"column":4},"end":{"line":60,"column":7}},"loc":{"start":{"line":60,"column":22},"end":{"line":63,"column":7}}},"8":{"name":"(anonymous_8)","decl":{"start":{"line":65,"column":6},"end":{"line":65,"column":12}},"loc":{"start":{"line":65,"column":42},"end":{"line":68,"column":7}}},"9":{"name":"(anonymous_9)","decl":{"start":{"line":66,"column":42},"end":{"line":66,"column":43}},"loc":{"start":{"line":66,"column":59},"end":{"line":66,"column":84}}},"10":{"name":"(anonymous_10)","decl":{"start":{"line":77,"column":4},"end":{"line":77,"column":16}},"loc":{"start":{"line":77,"column":43},"end":{"line":80,"column":5}}},"11":{"name":"(anonymous_11)","decl":{"start":{"line":82,"column":5},"end":{"line":82,"column":15}},"loc":{"start":{"line":82,"column":15},"end":{"line":91,"column":5}}},"12":{"name":"(anonymous_12)","decl":{"start":{"line":93,"column":4},"end":{"line":93,"column":10}},"loc":{"start":{"line":93,"column":40},"end":{"line":96,"column":5}}},"13":{"name":"(anonymous_13)","decl":{"start":{"line":94,"column":40},"end":{"line":94,"column":41}},"loc":{"start":{"line":94,"column":57},"end":{"line":94,"column":82}}}},"branchMap":{"0":{"loc":{"start":{"line":11,"column":6},"end":{"line":20,"column":7}},"type":"switch","locations":[{"start":{"line":12,"column":8},"end":{"line":13,"column":28}},{"start":{"line":14,"column":8},"end":{"line":15,"column":34}},{"start":{"line":16,"column":8},"end":{"line":17,"column":35}},{"start":{"line":18,"column":8},"end":{"line":19,"column":46}}]},"1":{"loc":{"start":{"line":44,"column":6},"end":{"line":53,"column":7}},"type":"switch","locations":[{"start":{"line":45,"column":8},"end":{"line":46,"column":28}},{"start":{"line":47,"column":8},"end":{"line":48,"column":35}},{"start":{"line":49,"column":8},"end":{"line":50,"column":38}},{"start":{"line":51,"column":8},"end":{"line":52,"column":46}}]},"2":{"loc":{"start":{"line":83,"column":6},"end":{"line":90,"column":7}},"type":"switch","locations":[{"start":{"line":84,"column":8},"end":{"line":85,"column":28}},{"start":{"line":86,"column":8},"end":{"line":87,"column":35}},{"start":{"line":88,"column":8},"end":{"line":89,"column":46}}]}},"s":{"0":8,"1":8,"2":8,"3":8,"4":6,"5":3,"6":3,"7":0,"8":0,"9":2,"10":1,"11":1,"12":1,"13":13,"14":13,"15":13,"16":13,"17":9,"18":4,"19":5,"20":0,"21":0,"22":2,"23":1,"24":1,"25":1,"26":3,"27":1,"28":1,"29":5,"30":5,"31":5,"32":5,"33":3,"34":1,"35":2,"36":0,"37":1,"38":3,"39":1,"40":1},"f":{"0":8,"1":6,"2":2,"3":1,"4":13,"5":9,"6":2,"7":1,"8":1,"9":3,"10":5,"11":3,"12":1,"13":3},"b":{"0":[3,3,0,0],"1":[4,5,0,0],"2":[1,2,0]}}
}
