TN:
SF:src/exercise-4/task-3.ts
FN:5,(anonymous_0)
FN:10,(anonymous_1)
FN:23,(anonymous_2)
FN:26,(anonymous_3)
FN:38,(anonymous_4)
FN:43,(anonymous_5)
FN:56,(anonymous_6)
FN:60,(anonymous_7)
FN:65,(anonymous_8)
FN:66,(anonymous_9)
FN:77,(anonymous_10)
FN:82,(anonymous_11)
FN:93,(anonymous_12)
FN:94,(anonymous_13)
FNF:14
FNH:14
FNDA:8,(anonymous_0)
FNDA:6,(anonymous_1)
FNDA:2,(anonymous_2)
FNDA:1,(anonymous_3)
FNDA:13,(anonymous_4)
FNDA:9,(anonymous_5)
FNDA:2,(anonymous_6)
FNDA:1,(anonymous_7)
FNDA:1,(anonymous_8)
FNDA:3,(anonymous_9)
FNDA:5,(anonymous_10)
FNDA:3,(anonymous_11)
FNDA:1,(anonymous_12)
FNDA:3,(anonymous_13)
DA:1,1
DA:2,8
DA:3,8
DA:6,8
DA:7,8
DA:11,6
DA:13,3
DA:15,3
DA:17,0
DA:19,0
DA:24,2
DA:27,1
DA:28,1
DA:34,1
DA:35,13
DA:36,13
DA:39,13
DA:40,13
DA:44,9
DA:46,4
DA:48,5
DA:50,0
DA:52,0
DA:57,2
DA:61,1
DA:62,1
DA:66,3
DA:67,1
DA:73,1
DA:74,5
DA:75,5
DA:78,5
DA:79,5
DA:83,3
DA:85,1
DA:87,2
DA:89,0
DA:94,3
DA:95,1
LF:39
LH:34
BRDA:11,0,0,3
BRDA:11,0,1,3
BRDA:11,0,2,0
BRDA:11,0,3,0
BRDA:44,1,0,4
BRDA:44,1,1,5
BRDA:44,1,2,0
BRDA:44,1,3,0
BRDA:83,2,0,1
BRDA:83,2,1,2
BRDA:83,2,2,0
BRF:11
BRH:6
end_of_record
